# JRE version: OpenJDK Runtime Environment (17.0.6) (build 17.0.6+0-b2043.56-10027231)
# Java VM: OpenJDK 64-Bit Server VM (17.0.6+0-b2043.56-10027231, mixed mode, tiered, compressed oops, compressed class ptrs, g1 gc, windows-amd64)
GC Precious Log:
 CPUs: 4 total, 4 available
 Memory: 16295M
 Large Page Support: Disabled
 NUMA Support: Disabled
 Compressed Oops: Enabled (32-bit)
 Heap Region Size: 1M
 Heap Min Capacity: 8M
 Heap Initial Capacity: 256M
 Heap Max Capacity: 1536M
 Pre-touch: Disabled
 Parallel Workers: 4
 Concurrent Workers: 1
 Concurrent Refinement Workers: 4
 Periodic GC: Disabled
Heap:
 garbage-first heap   total 280576K, used 228221K [0x00000000a0000000, 0x0000000100000000)
  region size 1024K, 75 young (76800K), 6 survivors (6144K)
 Metaspace       used 105233K, committed 106176K, reserved 1146880K
  class space    used 14318K, committed 14720K, reserved 1048576K
GC Heap History (20 events):
Event: 51.176 GC heap after
{Heap after GC invocations=42 (full 0):
 garbage-first heap   total 280576K, used 99151K [0x00000000a0000000, 0x0000000100000000)
  region size 1024K, 13 young (13312K), 13 survivors (13312K)
 Metaspace       used 89871K, committed 90560K, reserved 1130496K
  class space    used 12236K, committed 12544K, reserved 1048576K
}
Event: 53.658 GC heap before
{Heap before GC invocations=43 (full 0):
 garbage-first heap   total 280576K, used 206671K [0x00000000a0000000, 0x0000000100000000)
  region size 1024K, 121 young (123904K), 13 survivors (13312K)
 Metaspace       used 98440K, committed 99200K, reserved 1138688K
  class space    used 13458K, committed 13760K, reserved 1048576K
}
Event: 53.679 GC heap after
{Heap after GC invocations=44 (full 0):
 garbage-first heap   total 280576K, used 108544K [0x00000000a0000000, 0x0000000100000000)
  region size 1024K, 13 young (13312K), 13 survivors (13312K)
 Metaspace       used 98440K, committed 99200K, reserved 1138688K
  class space    used 13458K, committed 13760K, reserved 1048576K
}
Event: 53.695 GC heap before
{Heap before GC invocations=44 (full 0):
 garbage-first heap   total 280576K, used 109568K [0x00000000a0000000, 0x0000000100000000)
  region size 1024K, 14 young (14336K), 13 survivors (13312K)
 Metaspace       used 98461K, committed 99200K, reserved 1138688K
  class space    used 13462K, committed 13760K, reserved 1048576K
}
Event: 53.709 GC heap after
{Heap after GC invocations=45 (full 0):
 garbage-first heap   total 280576K, used 110080K [0x00000000a0000000, 0x0000000100000000)
  region size 1024K, 2 young (2048K), 2 survivors (2048K)
 Metaspace       used 98461K, committed 99200K, reserved 1138688K
  class space    used 13462K, committed 13760K, reserved 1048576K
}
Event: 55.221 GC heap before
{Heap before GC invocations=45 (full 0):
 garbage-first heap   total 280576K, used 214528K [0x00000000a0000000, 0x0000000100000000)
  region size 1024K, 104 young (106496K), 2 survivors (2048K)
 Metaspace       used 100375K, committed 101184K, reserved 1138688K
  class space    used 13714K, committed 14080K, reserved 1048576K
}
Event: 55.236 GC heap after
{Heap after GC invocations=46 (full 0):
 garbage-first heap   total 280576K, used 123392K [0x00000000a0000000, 0x0000000100000000)
  region size 1024K, 13 young (13312K), 13 survivors (13312K)
 Metaspace       used 100375K, committed 101184K, reserved 1138688K
  class space    used 13714K, committed 14080K, reserved 1048576K
}
Event: 56.916 GC heap before
{Heap before GC invocations=46 (full 0):
 garbage-first heap   total 280576K, used 217600K [0x00000000a0000000, 0x0000000100000000)
  region size 1024K, 105 young (107520K), 13 survivors (13312K)
 Metaspace       used 102018K, committed 102848K, reserved 1138688K
  class space    used 13843K, committed 14208K, reserved 1048576K
}
Event: 56.936 GC heap after
{Heap after GC invocations=47 (full 0):
 garbage-first heap   total 280576K, used 131324K [0x00000000a0000000, 0x0000000100000000)
  region size 1024K, 8 young (8192K), 8 survivors (8192K)
 Metaspace       used 102018K, committed 102848K, reserved 1138688K
  class space    used 13843K, committed 14208K, reserved 1048576K
}
Event: 58.428 GC heap before
{Heap before GC invocations=47 (full 0):
 garbage-first heap   total 280576K, used 220412K [0x00000000a0000000, 0x0000000100000000)
  region size 1024K, 96 young (98304K), 8 survivors (8192K)
 Metaspace       used 103852K, committed 104640K, reserved 1146880K
  class space    used 14166K, committed 14528K, reserved 1048576K
}
Event: 58.443 GC heap after
{Heap after GC invocations=48 (full 0):
 garbage-first heap   total 280576K, used 140800K [0x00000000a0000000, 0x0000000100000000)
  region size 1024K, 9 young (9216K), 9 survivors (9216K)
 Metaspace       used 103852K, committed 104640K, reserved 1146880K
  class space    used 14166K, committed 14528K, reserved 1048576K
}
Event: 59.573 GC heap before
{Heap before GC invocations=49 (full 0):
 garbage-first heap   total 280576K, used 222720K [0x00000000a0000000, 0x0000000100000000)
  region size 1024K, 90 young (92160K), 9 survivors (9216K)
 Metaspace       used 104761K, committed 105536K, reserved 1146880K
  class space    used 14274K, committed 14592K, reserved 1048576K
}
Event: 59.586 GC heap after
{Heap after GC invocations=50 (full 0):
 garbage-first heap   total 280576K, used 147241K [0x00000000a0000000, 0x0000000100000000)
  region size 1024K, 9 young (9216K), 9 survivors (9216K)
 Metaspace       used 104761K, committed 105536K, reserved 1146880K
  class space    used 14274K, committed 14592K, reserved 1048576K
}
Event: 59.633 GC heap before
{Heap before GC invocations=50 (full 0):
 garbage-first heap   total 280576K, used 150313K [0x00000000a0000000, 0x0000000100000000)
  region size 1024K, 13 young (13312K), 9 survivors (9216K)
 Metaspace       used 104762K, committed 105536K, reserved 1146880K
  class space    used 14274K, committed 14592K, reserved 1048576K
}
Event: 59.642 GC heap after
{Heap after GC invocations=51 (full 0):
 garbage-first heap   total 280576K, used 145765K [0x00000000a0000000, 0x0000000100000000)
  region size 1024K, 2 young (2048K), 2 survivors (2048K)
 Metaspace       used 104762K, committed 105536K, reserved 1146880K
  class space    used 14274K, committed 14592K, reserved 1048576K
}
Event: 60.478 GC heap before
{Heap before GC invocations=51 (full 0):
 garbage-first heap   total 280576K, used 224613K [0x00000000a0000000, 0x0000000100000000)
  region size 1024K, 80 young (81920K), 2 survivors (2048K)
 Metaspace       used 104983K, committed 105856K, reserved 1146880K
  class space    used 14289K, committed 14656K, reserved 1048576K
}
Event: 60.489 GC heap after
{Heap after GC invocations=52 (full 0):
 garbage-first heap   total 280576K, used 152232K [0x00000000a0000000, 0x0000000100000000)
  region size 1024K, 8 young (8192K), 8 survivors (8192K)
 Metaspace       used 104983K, committed 105856K, reserved 1146880K
  class space    used 14289K, committed 14656K, reserved 1048576K
}
Event: 61.108 GC heap before
{Heap before GC invocations=52 (full 0):
 garbage-first heap   total 280576K, used 226984K [0x00000000a0000000, 0x0000000100000000)
  region size 1024K, 82 young (83968K), 8 survivors (8192K)
 Metaspace       used 105064K, committed 105920K, reserved 1146880K
  class space    used 14299K, committed 14656K, reserved 1048576K
}
Event: 61.118 GC heap after
{Heap after GC invocations=53 (full 0):
 garbage-first heap   total 280576K, used 157565K [0x00000000a0000000, 0x0000000100000000)
  region size 1024K, 9 young (9216K), 9 survivors (9216K)
 Metaspace       used 105064K, committed 105920K, reserved 1146880K
  class space    used 14299K, committed 14656K, reserved 1048576K
}
Event: 61.834 GC heap before
{Heap before GC invocations=53 (full 0):
 garbage-first heap   total 280576K, used 227197K [0x00000000a0000000, 0x0000000100000000)
  region size 1024K, 78 young (79872K), 9 survivors (9216K)
 Metaspace       used 105233K, committed 106176K, reserved 1146880K
  class space    used 14318K, committed 14720K, reserved 1048576K
}

